Flutter crash report.
Please report a bug at https://github.com/flutter/flutter/issues.

## command

flutter run

## exception

SocketException: SocketException: The remote computer refused the network connection.
 (OS Error: The remote computer refused the network connection.
, errno = 1225), address = localhost, port = 56231

```
#0      _NativeSocket.startConnect (dart:io-patch/socket_patch.dart:721:35)
#1      _RawSocket.startConnect (dart:io-patch/socket_patch.dart:1920:26)
#2      RawSocket.startConnect (dart:io-patch/socket_patch.dart:27:23)
#3      Socket._startConnect (dart:io-patch/socket_patch.dart:2144:22)
#4      Socket.startConnect (dart:io/socket.dart:825:21)
#5      _ConnectionTarget.connect (dart:_http/http_impl.dart:2491:20)
#6      _HttpClient._getConnection.connect (dart:_http/http_impl.dart:2930:12)
#7      _HttpClient._getConnection (dart:_http/http_impl.dart:2935:12)
#8      _HttpClient._openUrl (dart:_http/http_impl.dart:2790:12)
#9      _HttpClient.getUrl (dart:_http/http_impl.dart:2632:48)
#10     ChromeConnection.getUrl (package:webkit_inspection_protocol/webkit_inspection_protocol.dart:108:33)
#11     ChromeConnection.getTabs (package:webkit_inspection_protocol/webkit_inspection_protocol.dart:53:26)
#12     ChromeConnection.getTab (package:webkit_inspection_protocol/webkit_inspection_protocol.dart:90:31)
#13     Chromium.close (package:flutter_tools/src/web/chrome.dart:510:53)
#14     ChromiumDevice.stopApp (package:flutter_tools/src/web/web_device.dart:164:20)
#15     ResidentWebRunner._cleanup (package:flutter_tools/src/isolated/resident_web_runner.dart:203:27)
<asynchronous suspension>
#16     ResidentWebRunner.cleanupAfterSignal (package:flutter_tools/src/isolated/resident_web_runner.dart:186:5)
<asynchronous suspension>
#17     TerminalHandler._cleanUp (package:flutter_tools/src/resident_runner.dart:1872:5)
<asynchronous suspension>
#18     TerminalHandler.processTerminalInput (package:flutter_tools/src/resident_runner.dart:1843:7)
<asynchronous suspension>
```

## flutter doctor

```
[32m[✓][39m Flutter (Channel stable, 3.24.0, on Microsoft Windows [Version 10.0.22631.4037], locale en-IN)
    [32m•[39m Flutter version 3.24.0 on channel stable at D:\flutter
    [32m•[39m Upstream repository https://github.com/flutter/flutter.git
    [32m•[39m Framework revision 80c2e84975 (6 weeks ago), 2024-07-30 23:06:49 +0700
    [32m•[39m Engine revision b8800d88be
    [32m•[39m Dart version 3.5.0
    [32m•[39m DevTools version 2.37.2

[32m[✓][39m Windows Version (Installed version of Windows is version 10 or higher)

[32m[✓][39m Android toolchain - develop for Android devices (Android SDK version 34.0.0)
    [32m•[39m Android SDK at C:\Users\shabnam\AppData\Local\Android\sdk
    [32m•[39m Platform android-34, build-tools 34.0.0
    [32m•[39m Java binary at: C:\Program Files\Android\Android Studio\jbr\bin\java
    [32m•[39m Java version OpenJDK Runtime Environment (build 17.0.10+0--11572160)
    [32m•[39m All Android licenses accepted.

[32m[✓][39m Chrome - develop for the web
    [32m•[39m Chrome at C:\Program Files\Google\Chrome\Application\chrome.exe

[32m[✓][39m Visual Studio - develop Windows apps (Visual Studio Community 2022 17.11.0 Preview 1.0)
    [32m•[39m Visual Studio at C:\Program Files\Microsoft Visual Studio\2022\Preview
    [32m•[39m Visual Studio Community 2022 version 17.11.34909.67
    [32m•[39m The current Visual Studio installation is a pre-release version. It may not be supported by Flutter yet.
    [32m•[39m Windows 10 SDK version 10.0.22621.0

[32m[✓][39m Android Studio (version 2023.3)
    [32m•[39m Android Studio at C:\Program Files\Android\Android Studio
    [32m•[39m Flutter plugin can be installed from:
      🔨 https://plugins.jetbrains.com/plugin/9212-flutter
    [32m•[39m Dart plugin can be installed from:
      🔨 https://plugins.jetbrains.com/plugin/6351-dart
    [32m•[39m Java version OpenJDK Runtime Environment (build 17.0.10+0--11572160)

[32m[✓][39m VS Code (version 1.93.1)
    [32m•[39m VS Code at C:\Users\shabnam\AppData\Local\Programs\Microsoft VS Code
    [32m•[39m Flutter extension version 3.96.0

[32m[✓][39m Connected device (3 available)
    [32m•[39m Windows (desktop) • windows • windows-x64    • Microsoft Windows [Version 10.0.22631.4037]
    [32m•[39m Chrome (web)      • chrome  • web-javascript • Google Chrome 128.0.6613.121
    [32m•[39m Edge (web)        • edge    • web-javascript • Microsoft Edge 128.0.2739.67

[32m[✓][39m Network resources
    [32m•[39m All expected network resources are available.

[32m•[39m No issues found!
```
